<?xml version="1.0" encoding="UTF-8"?>
<!-- Generated by org.testng.reporters.JUnitXMLReporter -->
<testsuite ignored="0" hostname="LAPTOP-546I93MP" failures="2" tests="43" name="Default test" time="371.421" errors="0" timestamp="2024-05-05T10:08:27 IST">
  <testcase classname="ProjectModule.ProjectPageFunctionalityTest" name="Project_Section" time="4.191"/>
  <testcase classname="ProjectModule.ProjectPageFunctionalityTest" name="Home_Icon_Functionality" time="7.236"/>
  <testcase classname="ProjectModule.ProjectPageFunctionalityTest" name="Project_Image_Title" time="9.67"/>
  <testcase classname="ProjectModule.ProjectPageFunctionalityTest" name="Portfolio_Button" time="7.197"/>
  <testcase classname="ProjectModule.ProjectPageFunctionalityTest" name="ContactUs_Option" time="16.594"/>
  <testcase classname="ProjectModule.ProjectPageFunctionalityTest" name="Back_Arrow_Button" time="7.236"/>
  <testcase classname="ProjectModule.ProjectPageFunctionalityTest" name="Project_Image_Eye_Button" time="14.247"/>
  <testcase classname="ProjectModule.ProjectPageFunctionalityTest" name="Project_Image_Expand_Button" time="5.342"/>
  <testcase classname="ProjectModule.ProjectPageFunctionalityTest" name="project_Image_FullScreen_Expand_Button" time="5.108"/>
  <testcase classname="ProjectModule.ProjectPageFunctionalityTest" name="project_Image_Shrink_Button" time="0.153"/>
  <testcase classname="ProjectModule.ProjectPageFunctionalityTest" name="Project_Image_Next_Button" time="5.289"/>
  <testcase classname="ProjectModule.ProjectPageFunctionalityTest" name="Project_Image_Previous_Button" time="5.268"/>
  <testcase classname="ProjectModule.ProjectPageFunctionalityTest" name="Project_Image_Play_Button" time="10.126"/>
  <testcase classname="ProjectModule.ProjectPageFunctionalityTest" name="Project_Image_Pause_Play_Button" time="5.108"/>
  <testcase classname="ProjectModule.ProjectPageFunctionalityTest" name="Project_Image_Next_Arrow_Button" time="5.099"/>
  <testcase classname="ProjectModule.ProjectPageFunctionalityTest" name="Project_Image_Previous_Arrow_Button" time="5.129"/>
  <testcase classname="ProjectModule.ProjectPageFunctionalityTest" name="Project_Image_Close_Button" time="5.099"/>
  <testcase classname="ProjectModule.ProjectPageFunctionalityTest" name="Project_Image_Title2" time="8.156"/>
  <testcase classname="ProjectModule.ProjectPageFunctionalityTest" name="Portfolio_Button2" time="7.59"/>
  <testcase classname="ProjectModule.ProjectPageFunctionalityTest" name="ContactUs_Option2" time="7.0"/>
  <testcase classname="ProjectModule.ProjectPageFunctionalityTest" name="Next_Arrow_Button" time="7.301"/>
  <testcase classname="ProjectModule.ProjectPageFunctionalityTest" name="Back_Arrow_Button2" time="7.623"/>
  <testcase classname="ProjectModule.ProjectPageFunctionalityTest" name="Project_Image_Eye_Button2" time="11.352"/>
  <testcase classname="ProjectModule.ProjectPageFunctionalityTest" name="Project_Image_Expand_Button2" time="5.291"/>
  <testcase classname="ProjectModule.ProjectPageFunctionalityTest" name="project_Image_FullScreen_Expand_Button2" time="5.114">
    <failure type="org.openqa.selenium.ElementNotInteractableException" message="element not interactable
  (Session info: chrome=124.0.6367.119)
Build info: version: &amp;apos;4.20.0&amp;apos;, revision: &amp;apos;866c76ca80&amp;apos;
System info: os.name: &amp;apos;Windows 11&amp;apos;, os.arch: &amp;apos;amd64&amp;apos;, os.version: &amp;apos;10.0&amp;apos;, java.version: &amp;apos;21.0.2&amp;apos;
Driver info: org.openqa.selenium.chrome.ChromeDriver
Command: [cd254caa95975c7e0eb7c3dd7f284231, clickElement {id=f.9BDA802507807CFFAF9D089180E7251E.d.52E339E195C78202CD16DE56E3AE728B.e.202}]
Capabilities {acceptInsecureCerts: false, browserName: chrome, browserVersion: 124.0.6367.119, chrome: {chromedriverVersion: 124.0.6367.91 (51df0e5e17a8..., userDataDir: C:\Users\USER\AppData\Local...}, fedcm:accounts: true, goog:chromeOptions: {debuggerAddress: localhost:64961}, networkConnectionEnabled: false, pageLoadStrategy: normal, platformName: windows, proxy: Proxy(), se:cdp: ws://localhost:64961/devtoo..., se:cdpVersion: 124.0.6367.119, setWindowRect: true, strictFileInteractability: false, timeouts: {implicit: 0, pageLoad: 300000, script: 30000}, unhandledPromptBehavior: dismiss and notify, webauthn:extension:credBlob: true, webauthn:extension:largeBlob: true, webauthn:extension:minPinLength: true, webauthn:extension:prf: true, webauthn:virtualAuthenticators: true}
Element: [[ChromeDriver: chrome on windows (cd254caa95975c7e0eb7c3dd7f284231)] -&amp;gt; xpath: //a[@title=&amp;apos;Expand the image&amp;apos;]]
Session ID: cd254caa95975c7e0eb7c3dd7f284231">
      <![CDATA[org.openqa.selenium.ElementNotInteractableException: element not interactable
  (Session info: chrome=124.0.6367.119)
Build info: version: '4.20.0', revision: '866c76ca80'
System info: os.name: 'Windows 11', os.arch: 'amd64', os.version: '10.0', java.version: '21.0.2'
Driver info: org.openqa.selenium.chrome.ChromeDriver
Command: [cd254caa95975c7e0eb7c3dd7f284231, clickElement {id=f.9BDA802507807CFFAF9D089180E7251E.d.52E339E195C78202CD16DE56E3AE728B.e.202}]
Capabilities {acceptInsecureCerts: false, browserName: chrome, browserVersion: 124.0.6367.119, chrome: {chromedriverVersion: 124.0.6367.91 (51df0e5e17a8..., userDataDir: C:\Users\USER\AppData\Local...}, fedcm:accounts: true, goog:chromeOptions: {debuggerAddress: localhost:64961}, networkConnectionEnabled: false, pageLoadStrategy: normal, platformName: windows, proxy: Proxy(), se:cdp: ws://localhost:64961/devtoo..., se:cdpVersion: 124.0.6367.119, setWindowRect: true, strictFileInteractability: false, timeouts: {implicit: 0, pageLoad: 300000, script: 30000}, unhandledPromptBehavior: dismiss and notify, webauthn:extension:credBlob: true, webauthn:extension:largeBlob: true, webauthn:extension:minPinLength: true, webauthn:extension:prf: true, webauthn:virtualAuthenticators: true}
Element: [[ChromeDriver: chrome on windows (cd254caa95975c7e0eb7c3dd7f284231)] -> xpath: //a[@title='Expand the image']]
Session ID: cd254caa95975c7e0eb7c3dd7f284231
at java.base/jdk.internal.reflect.DirectConstructorHandleAccessor.newInstance(DirectConstructorHandleAccessor.java:62)
at java.base/java.lang.reflect.Constructor.newInstanceWithCaller(Constructor.java:502)
at java.base/java.lang.reflect.Constructor.newInstance(Constructor.java:486)
at org.openqa.selenium.remote.ErrorCodec.decode(ErrorCodec.java:167)
at org.openqa.selenium.remote.codec.w3c.W3CHttpResponseCodec.decode(W3CHttpResponseCodec.java:138)
at org.openqa.selenium.remote.codec.w3c.W3CHttpResponseCodec.decode(W3CHttpResponseCodec.java:50)
at org.openqa.selenium.remote.HttpCommandExecutor.execute(HttpCommandExecutor.java:190)
at org.openqa.selenium.remote.service.DriverCommandExecutor.invokeExecute(DriverCommandExecutor.java:216)
at org.openqa.selenium.remote.service.DriverCommandExecutor.execute(DriverCommandExecutor.java:174)
at org.openqa.selenium.remote.RemoteWebDriver.execute(RemoteWebDriver.java:518)
at org.openqa.selenium.remote.RemoteWebElement.execute(RemoteWebElement.java:223)
at org.openqa.selenium.remote.RemoteWebElement.click(RemoteWebElement.java:76)
at ProjectModule.ProjectPageFunctionalityTest.project_Image_FullScreen_Expand_Button2(ProjectPageFunctionalityTest.java:270)
at java.base/jdk.internal.reflect.DirectMethodHandleAccessor.invoke(DirectMethodHandleAccessor.java:103)
at java.base/java.lang.reflect.Method.invoke(Method.java:580)
at org.testng.internal.MethodInvocationHelper.invokeMethod(MethodInvocationHelper.java:133)
at org.testng.internal.TestInvoker.invokeMethod(TestInvoker.java:598)
at org.testng.internal.TestInvoker.invokeTestMethod(TestInvoker.java:173)
at org.testng.internal.MethodRunner.runInSequence(MethodRunner.java:46)
at org.testng.internal.TestInvoker$MethodInvocationAgent.invoke(TestInvoker.java:824)
at org.testng.internal.TestInvoker.invokeTestMethods(TestInvoker.java:146)
at org.testng.internal.TestMethodWorker.invokeTestMethods(TestMethodWorker.java:146)
at org.testng.internal.TestMethodWorker.run(TestMethodWorker.java:128)
at java.base/java.util.ArrayList.forEach(ArrayList.java:1596)
at org.testng.TestRunner.privateRun(TestRunner.java:794)
at org.testng.TestRunner.run(TestRunner.java:596)
at org.testng.SuiteRunner.runTest(SuiteRunner.java:377)
at org.testng.SuiteRunner.runSequentially(SuiteRunner.java:371)
at org.testng.SuiteRunner.privateRun(SuiteRunner.java:332)
at org.testng.SuiteRunner.run(SuiteRunner.java:276)
at org.testng.SuiteRunnerWorker.runSuite(SuiteRunnerWorker.java:53)
at org.testng.SuiteRunnerWorker.run(SuiteRunnerWorker.java:96)
at org.testng.TestNG.runSuitesSequentially(TestNG.java:1212)
at org.testng.TestNG.runSuitesLocally(TestNG.java:1134)
at org.testng.TestNG.runSuites(TestNG.java:1063)
at org.testng.TestNG.run(TestNG.java:1031)
at org.testng.remote.AbstractRemoteTestNG.run(AbstractRemoteTestNG.java:115)
at org.testng.remote.RemoteTestNG.initAndRun(RemoteTestNG.java:293)
at org.testng.remote.RemoteTestNG.main(RemoteTestNG.java:91)
]]>
    </failure>
  </testcase> <!-- project_Image_FullScreen_Expand_Button2 -->
  <testcase classname="ProjectModule.ProjectPageFunctionalityTest" name="project_Image_Shrink_Button2" time="0.045">
    <failure type="org.openqa.selenium.ElementNotInteractableException" message="element not interactable
  (Session info: chrome=124.0.6367.119)
Build info: version: &amp;apos;4.20.0&amp;apos;, revision: &amp;apos;866c76ca80&amp;apos;
System info: os.name: &amp;apos;Windows 11&amp;apos;, os.arch: &amp;apos;amd64&amp;apos;, os.version: &amp;apos;10.0&amp;apos;, java.version: &amp;apos;21.0.2&amp;apos;
Driver info: org.openqa.selenium.chrome.ChromeDriver
Command: [cd254caa95975c7e0eb7c3dd7f284231, clickElement {id=f.9BDA802507807CFFAF9D089180E7251E.d.52E339E195C78202CD16DE56E3AE728B.e.202}]
Capabilities {acceptInsecureCerts: false, browserName: chrome, browserVersion: 124.0.6367.119, chrome: {chromedriverVersion: 124.0.6367.91 (51df0e5e17a8..., userDataDir: C:\Users\USER\AppData\Local...}, fedcm:accounts: true, goog:chromeOptions: {debuggerAddress: localhost:64961}, networkConnectionEnabled: false, pageLoadStrategy: normal, platformName: windows, proxy: Proxy(), se:cdp: ws://localhost:64961/devtoo..., se:cdpVersion: 124.0.6367.119, setWindowRect: true, strictFileInteractability: false, timeouts: {implicit: 0, pageLoad: 300000, script: 30000}, unhandledPromptBehavior: dismiss and notify, webauthn:extension:credBlob: true, webauthn:extension:largeBlob: true, webauthn:extension:minPinLength: true, webauthn:extension:prf: true, webauthn:virtualAuthenticators: true}
Element: [[ChromeDriver: chrome on windows (cd254caa95975c7e0eb7c3dd7f284231)] -&amp;gt; xpath: //a[@title=&amp;apos;Expand the image&amp;apos;]]
Session ID: cd254caa95975c7e0eb7c3dd7f284231">
      <![CDATA[org.openqa.selenium.ElementNotInteractableException: element not interactable
  (Session info: chrome=124.0.6367.119)
Build info: version: '4.20.0', revision: '866c76ca80'
System info: os.name: 'Windows 11', os.arch: 'amd64', os.version: '10.0', java.version: '21.0.2'
Driver info: org.openqa.selenium.chrome.ChromeDriver
Command: [cd254caa95975c7e0eb7c3dd7f284231, clickElement {id=f.9BDA802507807CFFAF9D089180E7251E.d.52E339E195C78202CD16DE56E3AE728B.e.202}]
Capabilities {acceptInsecureCerts: false, browserName: chrome, browserVersion: 124.0.6367.119, chrome: {chromedriverVersion: 124.0.6367.91 (51df0e5e17a8..., userDataDir: C:\Users\USER\AppData\Local...}, fedcm:accounts: true, goog:chromeOptions: {debuggerAddress: localhost:64961}, networkConnectionEnabled: false, pageLoadStrategy: normal, platformName: windows, proxy: Proxy(), se:cdp: ws://localhost:64961/devtoo..., se:cdpVersion: 124.0.6367.119, setWindowRect: true, strictFileInteractability: false, timeouts: {implicit: 0, pageLoad: 300000, script: 30000}, unhandledPromptBehavior: dismiss and notify, webauthn:extension:credBlob: true, webauthn:extension:largeBlob: true, webauthn:extension:minPinLength: true, webauthn:extension:prf: true, webauthn:virtualAuthenticators: true}
Element: [[ChromeDriver: chrome on windows (cd254caa95975c7e0eb7c3dd7f284231)] -> xpath: //a[@title='Expand the image']]
Session ID: cd254caa95975c7e0eb7c3dd7f284231
at java.base/jdk.internal.reflect.DirectConstructorHandleAccessor.newInstance(DirectConstructorHandleAccessor.java:62)
at java.base/java.lang.reflect.Constructor.newInstanceWithCaller(Constructor.java:502)
at java.base/java.lang.reflect.Constructor.newInstance(Constructor.java:486)
at org.openqa.selenium.remote.ErrorCodec.decode(ErrorCodec.java:167)
at org.openqa.selenium.remote.codec.w3c.W3CHttpResponseCodec.decode(W3CHttpResponseCodec.java:138)
at org.openqa.selenium.remote.codec.w3c.W3CHttpResponseCodec.decode(W3CHttpResponseCodec.java:50)
at org.openqa.selenium.remote.HttpCommandExecutor.execute(HttpCommandExecutor.java:190)
at org.openqa.selenium.remote.service.DriverCommandExecutor.invokeExecute(DriverCommandExecutor.java:216)
at org.openqa.selenium.remote.service.DriverCommandExecutor.execute(DriverCommandExecutor.java:174)
at org.openqa.selenium.remote.RemoteWebDriver.execute(RemoteWebDriver.java:518)
at org.openqa.selenium.remote.RemoteWebElement.execute(RemoteWebElement.java:223)
at org.openqa.selenium.remote.RemoteWebElement.click(RemoteWebElement.java:76)
at ProjectModule.ProjectPageFunctionalityTest.project_Image_Shrink_Button2(ProjectPageFunctionalityTest.java:276)
at java.base/jdk.internal.reflect.DirectMethodHandleAccessor.invoke(DirectMethodHandleAccessor.java:103)
at java.base/java.lang.reflect.Method.invoke(Method.java:580)
at org.testng.internal.MethodInvocationHelper.invokeMethod(MethodInvocationHelper.java:133)
at org.testng.internal.TestInvoker.invokeMethod(TestInvoker.java:598)
at org.testng.internal.TestInvoker.invokeTestMethod(TestInvoker.java:173)
at org.testng.internal.MethodRunner.runInSequence(MethodRunner.java:46)
at org.testng.internal.TestInvoker$MethodInvocationAgent.invoke(TestInvoker.java:824)
at org.testng.internal.TestInvoker.invokeTestMethods(TestInvoker.java:146)
at org.testng.internal.TestMethodWorker.invokeTestMethods(TestMethodWorker.java:146)
at org.testng.internal.TestMethodWorker.run(TestMethodWorker.java:128)
at java.base/java.util.ArrayList.forEach(ArrayList.java:1596)
at org.testng.TestRunner.privateRun(TestRunner.java:794)
at org.testng.TestRunner.run(TestRunner.java:596)
at org.testng.SuiteRunner.runTest(SuiteRunner.java:377)
at org.testng.SuiteRunner.runSequentially(SuiteRunner.java:371)
at org.testng.SuiteRunner.privateRun(SuiteRunner.java:332)
at org.testng.SuiteRunner.run(SuiteRunner.java:276)
at org.testng.SuiteRunnerWorker.runSuite(SuiteRunnerWorker.java:53)
at org.testng.SuiteRunnerWorker.run(SuiteRunnerWorker.java:96)
at org.testng.TestNG.runSuitesSequentially(TestNG.java:1212)
at org.testng.TestNG.runSuitesLocally(TestNG.java:1134)
at org.testng.TestNG.runSuites(TestNG.java:1063)
at org.testng.TestNG.run(TestNG.java:1031)
at org.testng.remote.AbstractRemoteTestNG.run(AbstractRemoteTestNG.java:115)
at org.testng.remote.RemoteTestNG.initAndRun(RemoteTestNG.java:293)
at org.testng.remote.RemoteTestNG.main(RemoteTestNG.java:91)
]]>
    </failure>
  </testcase> <!-- project_Image_Shrink_Button2 -->
  <testcase classname="ProjectModule.ProjectPageFunctionalityTest" name="Project_Image_Next_Button2" time="5.295"/>
  <testcase classname="ProjectModule.ProjectPageFunctionalityTest" name="Project_Image_Previous_Button2" time="5.297"/>
  <testcase classname="ProjectModule.ProjectPageFunctionalityTest" name="Project_Image_Play_Button2" time="10.113"/>
  <testcase classname="ProjectModule.ProjectPageFunctionalityTest" name="Project_Image_Pause_Play_Button2" time="5.105"/>
  <testcase classname="ProjectModule.ProjectPageFunctionalityTest" name="Project_Image_Next_Arrow_Button2" time="5.113"/>
  <testcase classname="ProjectModule.ProjectPageFunctionalityTest" name="Project_Image_Previous_Arrow_Button2" time="5.082"/>
  <testcase classname="ProjectModule.ProjectPageFunctionalityTest" name="Project_Image_Close_Button2" time="5.082"/>
  <testcase classname="ProjectModule.ProjectPageFunctionalityTest" name="Project_Image_Title3" time="7.691"/>
  <testcase classname="ProjectModule.ProjectPageFunctionalityTest" name="Portfolio_Button3" time="41.785"/>
  <testcase classname="ProjectModule.ProjectPageFunctionalityTest" name="ContactUs_Option3" time="25.688"/>
  <testcase classname="ProjectModule.ProjectPageFunctionalityTest" name="Next_Arrow_Button2" time="7.075"/>
  <testcase classname="ProjectModule.ProjectPageFunctionalityTest" name="Project_Image_Eye_Button3" time="11.324"/>
  <testcase classname="ProjectModule.ProjectPageFunctionalityTest" name="Project_Image_Expand_Button3" time="5.319"/>
  <testcase classname="ProjectModule.ProjectPageFunctionalityTest" name="Project_Image_Next_Button3" time="5.265"/>
  <testcase classname="ProjectModule.ProjectPageFunctionalityTest" name="Project_Image_Previous_Button3" time="5.258"/>
  <testcase classname="ProjectModule.ProjectPageFunctionalityTest" name="Project_Image_Play_Button3" time="10.29"/>
  <testcase classname="ProjectModule.ProjectPageFunctionalityTest" name="Project_Image_Close_Button3" time="5.135"/>
</testsuite> <!-- Default test -->
