<html>
<head>
<title>TestNG:  Default test</title>
<link href="../testng.css" rel="stylesheet" type="text/css" />
<link href="../my-testng.css" rel="stylesheet" type="text/css" />

<style type="text/css">
.log { display: none;} 
.stack-trace { display: none;} 
</style>
<script type="text/javascript">
<!--
function flip(e) {
  current = e.style.display;
  if (current == 'block') {
    e.style.display = 'none';
    return 0;
  }
  else {
    e.style.display = 'block';
    return 1;
  }
}

function toggleBox(szDivId, elem, msg1, msg2)
{
  var res = -1;  if (document.getElementById) {
    res = flip(document.getElementById(szDivId));
  }
  else if (document.all) {
    // this is the way old msie versions work
    res = flip(document.all[szDivId]);
  }
  if(elem) {
    if(res == 0) elem.innerHTML = msg1; else elem.innerHTML = msg2;
  }

}

function toggleAllBoxes() {
  if (document.getElementsByTagName) {
    d = document.getElementsByTagName('div');
    for (i = 0; i < d.length; i++) {
      if (d[i].className == 'log') {
        flip(d[i]);
      }
    }
  }
}

// -->
</script>

</head>
<body>
<h2 align='center'>Default test</h2><table border='1' align="center">
<tr>
<td>Tests passed/Failed/Skipped:</td><td>41/2/0</td>
</tr><tr>
<td>Started on:</td><td>Sun May 05 10:02:15 IST 2024</td>
</tr>
<tr><td>Total time:</td><td>371 seconds (371421 ms)</td>
</tr><tr>
<td>Included groups:</td><td></td>
</tr><tr>
<td>Excluded groups:</td><td></td>
</tr>
</table><p/>
<small><i>(Hover the method name to see the test class name)</i></small><p/>
<table width='100%' border='1' class='invocation-failed'>
<tr><td colspan='4' align='center'><b>FAILED TESTS</b></td></tr>
<tr><td><b>Test method</b></td>
<td width="30%"><b>Exception</b></td>
<td width="10%"><b>Time (seconds)</b></td>
<td><b>Instance</b></td>
</tr>
<tr>
<td title='ProjectModule.ProjectPageFunctionalityTest.project_Image_Shrink_Button2()'><b>project_Image_Shrink_Button2</b><br>Test class: ProjectModule.ProjectPageFunctionalityTest</td>
<td><div><pre>org.openqa.selenium.ElementNotInteractableException: element not interactable
  (Session info: chrome=124.0.6367.119)
Build info: version: &apos;4.20.0&apos;, revision: &apos;866c76ca80&apos;
System info: os.name: &apos;Windows 11&apos;, os.arch: &apos;amd64&apos;, os.version: &apos;10.0&apos;, java.version: &apos;21.0.2&apos;
Driver info: org.openqa.selenium.chrome.ChromeDriver
Command: [cd254caa95975c7e0eb7c3dd7f284231, clickElement {id=f.9BDA802507807CFFAF9D089180E7251E.d.52E339E195C78202CD16DE56E3AE728B.e.202}]
Capabilities {acceptInsecureCerts: false, browserName: chrome, browserVersion: 124.0.6367.119, chrome: {chromedriverVersion: 124.0.6367.91 (51df0e5e17a8..., userDataDir: C:\Users\USER\AppData\Local...}, fedcm:accounts: true, goog:chromeOptions: {debuggerAddress: localhost:64961}, networkConnectionEnabled: false, pageLoadStrategy: normal, platformName: windows, proxy: Proxy(), se:cdp: ws://localhost:64961/devtoo..., se:cdpVersion: 124.0.6367.119, setWindowRect: true, strictFileInteractability: false, timeouts: {implicit: 0, pageLoad: 300000, script: 30000}, unhandledPromptBehavior: dismiss and notify, webauthn:extension:credBlob: true, webauthn:extension:largeBlob: true, webauthn:extension:minPinLength: true, webauthn:extension:prf: true, webauthn:virtualAuthenticators: true}
Element: [[ChromeDriver: chrome on windows (cd254caa95975c7e0eb7c3dd7f284231)] -&gt; xpath: //a[@title=&apos;Expand the image&apos;]]
Session ID: cd254caa95975c7e0eb7c3dd7f284231
	at java.base/jdk.internal.reflect.DirectConstructorHandleAccessor.newInstance(DirectConstructorHandleAccessor.java:62)
	at java.base/java.lang.reflect.Constructor.newInstanceWithCaller(Constructor.java:502)
	at java.base/java.lang.reflect.Constructor.newInstance(Constructor.java:486)
	at org.openqa.selenium.remote.ErrorCodec.decode(ErrorCodec.java:167)
	at org.openqa.selenium.remote.codec.w3c.W3CHttpResponseCodec.decode(W3CHttpResponseCodec.java:138)
	at org.openqa.selenium.remote.codec.w3c.W3CHttpResponseCodec.decode(W3CHttpResponseCodec.java:50)
	at org.openqa.selenium.remote.HttpCommandExecutor.execute(HttpCommandExecutor.java:190)
	at org.openqa.selenium.remote.service.DriverCommandExecutor.invokeExecute(DriverCommandExecutor.java:216)
	at org.openqa.selenium.remote.service.DriverCommandExecutor.execute(DriverCommandExecutor.java:174)
	at org.openqa.selenium.remote.RemoteWebDriver.execute(RemoteWebDriver.java:518)
	at org.openqa.selenium.remote.RemoteWebElement.execute(RemoteWebElement.java:223)
	at org.openqa.selenium.remote.RemoteWebElement.click(RemoteWebElement.java:76)
	at ProjectModule.ProjectPageFunctionalityTest.project_Image_Shrink_Button2(ProjectPageFunctionalityTest.java:276)
	at java.base/jdk.internal.reflect.DirectMethodHandleAccessor.invoke(DirectMethodHandleAccessor.java:103)
	at java.base/java.lang.reflect.Method.invoke(Method.java:580)
	at org.testng.internal.MethodInvocationHelper.invokeMethod(MethodInvocationHelper.java:133)
	at org.testng.internal.TestInvoker.invokeMethod(TestInvoker.java:598)
	at org.testng.internal.TestInvoker.invokeTestMethod(TestInvoker.java:173)
	at org.testng.internal.MethodRunner.runInSequence(MethodRunner.java:46)
	at org.testng.internal.TestInvoker$MethodInvocationAgent.invoke(TestInvoker.java:824)
	at org.testng.internal.TestInvoker.invokeTestMethods(TestInvoker.java:146)
	at org.testng.internal.TestMethodWorker.invokeTestMethods(TestMethodWorker.java:146)
	at org.testng.internal.TestMethodWorker.run(TestMethodWorker.java:128)
	at java.base/java.util.ArrayList.forEach(ArrayList.java:1596)
	at org.testng.TestRunner.privateRun(TestRunner.java:794)
	at org.testng.TestRunner.run(TestRunner.java:596)
	at org.testng.SuiteRunner.runTest(SuiteRunner.java:377)
	at org.testng.SuiteRunner.runSequentially(SuiteRunner.java:371)
	at org.testng.SuiteRunner.privateRun(SuiteRunner.java:332)
	at org.testng.SuiteRunner.run(SuiteRunner.java:276)
	at org.testng.SuiteRunnerWorker.runSuite(SuiteRunnerWorker.java:53)
	at org.testng.SuiteRunnerWorker.run(SuiteRunnerWorker.java:96)
	at org.testng.TestNG.runSuitesSequentially(TestNG.java:1212)
	at org.testng.TestNG.runSuitesLocally(TestNG.java:1134)
	at org.testng.TestNG.runSuites(TestNG.java:1063)
	at org.testng.TestNG.run(TestNG.java:1031)
	at org.testng.remote.AbstractRemoteTestNG.run(AbstractRemoteTestNG.java:115)
	at org.testng.remote.RemoteTestNG.initAndRun(RemoteTestNG.java:293)
	at org.testng.remote.RemoteTestNG.main(RemoteTestNG.java:91)
</pre></div><a href='#' onClick='toggleBox("stack-trace1031968647", this, "Click to show all stack frames", "Click to hide stack frames")'>Click to show all stack frames</a>
<div class='stack-trace' id='stack-trace1031968647'><pre>org.openqa.selenium.ElementNotInteractableException: element not interactable
  (Session info: chrome=124.0.6367.119)
Build info: version: &apos;4.20.0&apos;, revision: &apos;866c76ca80&apos;
System info: os.name: &apos;Windows 11&apos;, os.arch: &apos;amd64&apos;, os.version: &apos;10.0&apos;, java.version: &apos;21.0.2&apos;
Driver info: org.openqa.selenium.chrome.ChromeDriver
Command: [cd254caa95975c7e0eb7c3dd7f284231, clickElement {id=f.9BDA802507807CFFAF9D089180E7251E.d.52E339E195C78202CD16DE56E3AE728B.e.202}]
Capabilities {acceptInsecureCerts: false, browserName: chrome, browserVersion: 124.0.6367.119, chrome: {chromedriverVersion: 124.0.6367.91 (51df0e5e17a8..., userDataDir: C:\Users\USER\AppData\Local...}, fedcm:accounts: true, goog:chromeOptions: {debuggerAddress: localhost:64961}, networkConnectionEnabled: false, pageLoadStrategy: normal, platformName: windows, proxy: Proxy(), se:cdp: ws://localhost:64961/devtoo..., se:cdpVersion: 124.0.6367.119, setWindowRect: true, strictFileInteractability: false, timeouts: {implicit: 0, pageLoad: 300000, script: 30000}, unhandledPromptBehavior: dismiss and notify, webauthn:extension:credBlob: true, webauthn:extension:largeBlob: true, webauthn:extension:minPinLength: true, webauthn:extension:prf: true, webauthn:virtualAuthenticators: true}
Element: [[ChromeDriver: chrome on windows (cd254caa95975c7e0eb7c3dd7f284231)] -&gt; xpath: //a[@title=&apos;Expand the image&apos;]]
Session ID: cd254caa95975c7e0eb7c3dd7f284231
	at java.base/jdk.internal.reflect.DirectConstructorHandleAccessor.newInstance(DirectConstructorHandleAccessor.java:62)
	at java.base/java.lang.reflect.Constructor.newInstanceWithCaller(Constructor.java:502)
	at java.base/java.lang.reflect.Constructor.newInstance(Constructor.java:486)
	at org.openqa.selenium.remote.ErrorCodec.decode(ErrorCodec.java:167)
	at org.openqa.selenium.remote.codec.w3c.W3CHttpResponseCodec.decode(W3CHttpResponseCodec.java:138)
	at org.openqa.selenium.remote.codec.w3c.W3CHttpResponseCodec.decode(W3CHttpResponseCodec.java:50)
	at org.openqa.selenium.remote.HttpCommandExecutor.execute(HttpCommandExecutor.java:190)
	at org.openqa.selenium.remote.service.DriverCommandExecutor.invokeExecute(DriverCommandExecutor.java:216)
	at org.openqa.selenium.remote.service.DriverCommandExecutor.execute(DriverCommandExecutor.java:174)
	at org.openqa.selenium.remote.RemoteWebDriver.execute(RemoteWebDriver.java:518)
	at org.openqa.selenium.remote.RemoteWebElement.execute(RemoteWebElement.java:223)
	at org.openqa.selenium.remote.RemoteWebElement.click(RemoteWebElement.java:76)
	at ProjectModule.ProjectPageFunctionalityTest.project_Image_Shrink_Button2(ProjectPageFunctionalityTest.java:276)
	at java.base/jdk.internal.reflect.DirectMethodHandleAccessor.invoke(DirectMethodHandleAccessor.java:103)
	at java.base/java.lang.reflect.Method.invoke(Method.java:580)
	at org.testng.internal.MethodInvocationHelper.invokeMethod(MethodInvocationHelper.java:133)
	at org.testng.internal.TestInvoker.invokeMethod(TestInvoker.java:598)
	at org.testng.internal.TestInvoker.invokeTestMethod(TestInvoker.java:173)
	at org.testng.internal.MethodRunner.runInSequence(MethodRunner.java:46)
	at org.testng.internal.TestInvoker$MethodInvocationAgent.invoke(TestInvoker.java:824)
	at org.testng.internal.TestInvoker.invokeTestMethods(TestInvoker.java:146)
	at org.testng.internal.TestMethodWorker.invokeTestMethods(TestMethodWorker.java:146)
	at org.testng.internal.TestMethodWorker.run(TestMethodWorker.java:128)
	at java.base/java.util.ArrayList.forEach(ArrayList.java:1596)
	at org.testng.TestRunner.privateRun(TestRunner.java:794)
	at org.testng.TestRunner.run(TestRunner.java:596)
	at org.testng.SuiteRunner.runTest(SuiteRunner.java:377)
	at org.testng.SuiteRunner.runSequentially(SuiteRunner.java:371)
	at org.testng.SuiteRunner.privateRun(SuiteRunner.java:332)
	at org.testng.SuiteRunner.run(SuiteRunner.java:276)
	at org.testng.SuiteRunnerWorker.runSuite(SuiteRunnerWorker.java:53)
	at org.testng.SuiteRunnerWorker.run(SuiteRunnerWorker.java:96)
	at org.testng.TestNG.runSuitesSequentially(TestNG.java:1212)
	at org.testng.TestNG.runSuitesLocally(TestNG.java:1134)
	at org.testng.TestNG.runSuites(TestNG.java:1063)
	at org.testng.TestNG.run(TestNG.java:1031)
	at org.testng.remote.AbstractRemoteTestNG.run(AbstractRemoteTestNG.java:115)
	at org.testng.remote.RemoteTestNG.initAndRun(RemoteTestNG.java:293)
	at org.testng.remote.RemoteTestNG.main(RemoteTestNG.java:91)
</pre></div></td>
<td>0</td>
<td>ProjectModule.ProjectPageFunctionalityTest@18bc345</td></tr>
<tr>
<td title='ProjectModule.ProjectPageFunctionalityTest.project_Image_FullScreen_Expand_Button2()'><b>project_Image_FullScreen_Expand_Button2</b><br>Test class: ProjectModule.ProjectPageFunctionalityTest</td>
<td><div><pre>org.openqa.selenium.ElementNotInteractableException: element not interactable
  (Session info: chrome=124.0.6367.119)
Build info: version: &apos;4.20.0&apos;, revision: &apos;866c76ca80&apos;
System info: os.name: &apos;Windows 11&apos;, os.arch: &apos;amd64&apos;, os.version: &apos;10.0&apos;, java.version: &apos;21.0.2&apos;
Driver info: org.openqa.selenium.chrome.ChromeDriver
Command: [cd254caa95975c7e0eb7c3dd7f284231, clickElement {id=f.9BDA802507807CFFAF9D089180E7251E.d.52E339E195C78202CD16DE56E3AE728B.e.202}]
Capabilities {acceptInsecureCerts: false, browserName: chrome, browserVersion: 124.0.6367.119, chrome: {chromedriverVersion: 124.0.6367.91 (51df0e5e17a8..., userDataDir: C:\Users\USER\AppData\Local...}, fedcm:accounts: true, goog:chromeOptions: {debuggerAddress: localhost:64961}, networkConnectionEnabled: false, pageLoadStrategy: normal, platformName: windows, proxy: Proxy(), se:cdp: ws://localhost:64961/devtoo..., se:cdpVersion: 124.0.6367.119, setWindowRect: true, strictFileInteractability: false, timeouts: {implicit: 0, pageLoad: 300000, script: 30000}, unhandledPromptBehavior: dismiss and notify, webauthn:extension:credBlob: true, webauthn:extension:largeBlob: true, webauthn:extension:minPinLength: true, webauthn:extension:prf: true, webauthn:virtualAuthenticators: true}
Element: [[ChromeDriver: chrome on windows (cd254caa95975c7e0eb7c3dd7f284231)] -&gt; xpath: //a[@title=&apos;Expand the image&apos;]]
Session ID: cd254caa95975c7e0eb7c3dd7f284231
	at java.base/jdk.internal.reflect.DirectConstructorHandleAccessor.newInstance(DirectConstructorHandleAccessor.java:62)
	at java.base/java.lang.reflect.Constructor.newInstanceWithCaller(Constructor.java:502)
	at java.base/java.lang.reflect.Constructor.newInstance(Constructor.java:486)
	at org.openqa.selenium.remote.ErrorCodec.decode(ErrorCodec.java:167)
	at org.openqa.selenium.remote.codec.w3c.W3CHttpResponseCodec.decode(W3CHttpResponseCodec.java:138)
	at org.openqa.selenium.remote.codec.w3c.W3CHttpResponseCodec.decode(W3CHttpResponseCodec.java:50)
	at org.openqa.selenium.remote.HttpCommandExecutor.execute(HttpCommandExecutor.java:190)
	at org.openqa.selenium.remote.service.DriverCommandExecutor.invokeExecute(DriverCommandExecutor.java:216)
	at org.openqa.selenium.remote.service.DriverCommandExecutor.execute(DriverCommandExecutor.java:174)
	at org.openqa.selenium.remote.RemoteWebDriver.execute(RemoteWebDriver.java:518)
	at org.openqa.selenium.remote.RemoteWebElement.execute(RemoteWebElement.java:223)
	at org.openqa.selenium.remote.RemoteWebElement.click(RemoteWebElement.java:76)
	at ProjectModule.ProjectPageFunctionalityTest.project_Image_FullScreen_Expand_Button2(ProjectPageFunctionalityTest.java:270)
	at java.base/jdk.internal.reflect.DirectMethodHandleAccessor.invoke(DirectMethodHandleAccessor.java:103)
	at java.base/java.lang.reflect.Method.invoke(Method.java:580)
	at org.testng.internal.MethodInvocationHelper.invokeMethod(MethodInvocationHelper.java:133)
	at org.testng.internal.TestInvoker.invokeMethod(TestInvoker.java:598)
	at org.testng.internal.TestInvoker.invokeTestMethod(TestInvoker.java:173)
	at org.testng.internal.MethodRunner.runInSequence(MethodRunner.java:46)
	at org.testng.internal.TestInvoker$MethodInvocationAgent.invoke(TestInvoker.java:824)
	at org.testng.internal.TestInvoker.invokeTestMethods(TestInvoker.java:146)
	at org.testng.internal.TestMethodWorker.invokeTestMethods(TestMethodWorker.java:146)
	at org.testng.internal.TestMethodWorker.run(TestMethodWorker.java:128)
	at java.base/java.util.ArrayList.forEach(ArrayList.java:1596)
	at org.testng.TestRunner.privateRun(TestRunner.java:794)
	at org.testng.TestRunner.run(TestRunner.java:596)
	at org.testng.SuiteRunner.runTest(SuiteRunner.java:377)
	at org.testng.SuiteRunner.runSequentially(SuiteRunner.java:371)
	at org.testng.SuiteRunner.privateRun(SuiteRunner.java:332)
	at org.testng.SuiteRunner.run(SuiteRunner.java:276)
	at org.testng.SuiteRunnerWorker.runSuite(SuiteRunnerWorker.java:53)
	at org.testng.SuiteRunnerWorker.run(SuiteRunnerWorker.java:96)
	at org.testng.TestNG.runSuitesSequentially(TestNG.java:1212)
	at org.testng.TestNG.runSuitesLocally(TestNG.java:1134)
	at org.testng.TestNG.runSuites(TestNG.java:1063)
	at org.testng.TestNG.run(TestNG.java:1031)
	at org.testng.remote.AbstractRemoteTestNG.run(AbstractRemoteTestNG.java:115)
	at org.testng.remote.RemoteTestNG.initAndRun(RemoteTestNG.java:293)
	at org.testng.remote.RemoteTestNG.main(RemoteTestNG.java:91)
</pre></div><a href='#' onClick='toggleBox("stack-trace1107404311", this, "Click to show all stack frames", "Click to hide stack frames")'>Click to show all stack frames</a>
<div class='stack-trace' id='stack-trace1107404311'><pre>org.openqa.selenium.ElementNotInteractableException: element not interactable
  (Session info: chrome=124.0.6367.119)
Build info: version: &apos;4.20.0&apos;, revision: &apos;866c76ca80&apos;
System info: os.name: &apos;Windows 11&apos;, os.arch: &apos;amd64&apos;, os.version: &apos;10.0&apos;, java.version: &apos;21.0.2&apos;
Driver info: org.openqa.selenium.chrome.ChromeDriver
Command: [cd254caa95975c7e0eb7c3dd7f284231, clickElement {id=f.9BDA802507807CFFAF9D089180E7251E.d.52E339E195C78202CD16DE56E3AE728B.e.202}]
Capabilities {acceptInsecureCerts: false, browserName: chrome, browserVersion: 124.0.6367.119, chrome: {chromedriverVersion: 124.0.6367.91 (51df0e5e17a8..., userDataDir: C:\Users\USER\AppData\Local...}, fedcm:accounts: true, goog:chromeOptions: {debuggerAddress: localhost:64961}, networkConnectionEnabled: false, pageLoadStrategy: normal, platformName: windows, proxy: Proxy(), se:cdp: ws://localhost:64961/devtoo..., se:cdpVersion: 124.0.6367.119, setWindowRect: true, strictFileInteractability: false, timeouts: {implicit: 0, pageLoad: 300000, script: 30000}, unhandledPromptBehavior: dismiss and notify, webauthn:extension:credBlob: true, webauthn:extension:largeBlob: true, webauthn:extension:minPinLength: true, webauthn:extension:prf: true, webauthn:virtualAuthenticators: true}
Element: [[ChromeDriver: chrome on windows (cd254caa95975c7e0eb7c3dd7f284231)] -&gt; xpath: //a[@title=&apos;Expand the image&apos;]]
Session ID: cd254caa95975c7e0eb7c3dd7f284231
	at java.base/jdk.internal.reflect.DirectConstructorHandleAccessor.newInstance(DirectConstructorHandleAccessor.java:62)
	at java.base/java.lang.reflect.Constructor.newInstanceWithCaller(Constructor.java:502)
	at java.base/java.lang.reflect.Constructor.newInstance(Constructor.java:486)
	at org.openqa.selenium.remote.ErrorCodec.decode(ErrorCodec.java:167)
	at org.openqa.selenium.remote.codec.w3c.W3CHttpResponseCodec.decode(W3CHttpResponseCodec.java:138)
	at org.openqa.selenium.remote.codec.w3c.W3CHttpResponseCodec.decode(W3CHttpResponseCodec.java:50)
	at org.openqa.selenium.remote.HttpCommandExecutor.execute(HttpCommandExecutor.java:190)
	at org.openqa.selenium.remote.service.DriverCommandExecutor.invokeExecute(DriverCommandExecutor.java:216)
	at org.openqa.selenium.remote.service.DriverCommandExecutor.execute(DriverCommandExecutor.java:174)
	at org.openqa.selenium.remote.RemoteWebDriver.execute(RemoteWebDriver.java:518)
	at org.openqa.selenium.remote.RemoteWebElement.execute(RemoteWebElement.java:223)
	at org.openqa.selenium.remote.RemoteWebElement.click(RemoteWebElement.java:76)
	at ProjectModule.ProjectPageFunctionalityTest.project_Image_FullScreen_Expand_Button2(ProjectPageFunctionalityTest.java:270)
	at java.base/jdk.internal.reflect.DirectMethodHandleAccessor.invoke(DirectMethodHandleAccessor.java:103)
	at java.base/java.lang.reflect.Method.invoke(Method.java:580)
	at org.testng.internal.MethodInvocationHelper.invokeMethod(MethodInvocationHelper.java:133)
	at org.testng.internal.TestInvoker.invokeMethod(TestInvoker.java:598)
	at org.testng.internal.TestInvoker.invokeTestMethod(TestInvoker.java:173)
	at org.testng.internal.MethodRunner.runInSequence(MethodRunner.java:46)
	at org.testng.internal.TestInvoker$MethodInvocationAgent.invoke(TestInvoker.java:824)
	at org.testng.internal.TestInvoker.invokeTestMethods(TestInvoker.java:146)
	at org.testng.internal.TestMethodWorker.invokeTestMethods(TestMethodWorker.java:146)
	at org.testng.internal.TestMethodWorker.run(TestMethodWorker.java:128)
	at java.base/java.util.ArrayList.forEach(ArrayList.java:1596)
	at org.testng.TestRunner.privateRun(TestRunner.java:794)
	at org.testng.TestRunner.run(TestRunner.java:596)
	at org.testng.SuiteRunner.runTest(SuiteRunner.java:377)
	at org.testng.SuiteRunner.runSequentially(SuiteRunner.java:371)
	at org.testng.SuiteRunner.privateRun(SuiteRunner.java:332)
	at org.testng.SuiteRunner.run(SuiteRunner.java:276)
	at org.testng.SuiteRunnerWorker.runSuite(SuiteRunnerWorker.java:53)
	at org.testng.SuiteRunnerWorker.run(SuiteRunnerWorker.java:96)
	at org.testng.TestNG.runSuitesSequentially(TestNG.java:1212)
	at org.testng.TestNG.runSuitesLocally(TestNG.java:1134)
	at org.testng.TestNG.runSuites(TestNG.java:1063)
	at org.testng.TestNG.run(TestNG.java:1031)
	at org.testng.remote.AbstractRemoteTestNG.run(AbstractRemoteTestNG.java:115)
	at org.testng.remote.RemoteTestNG.initAndRun(RemoteTestNG.java:293)
	at org.testng.remote.RemoteTestNG.main(RemoteTestNG.java:91)
</pre></div></td>
<td>5</td>
<td>ProjectModule.ProjectPageFunctionalityTest@18bc345</td></tr>
</table><p>
<table width='100%' border='1' class='invocation-passed'>
<tr><td colspan='4' align='center'><b>PASSED TESTS</b></td></tr>
<tr><td><b>Test method</b></td>
<td width="30%"><b>Exception</b></td>
<td width="10%"><b>Time (seconds)</b></td>
<td><b>Instance</b></td>
</tr>
<tr>
<td title='ProjectModule.ProjectPageFunctionalityTest.Project_Image_Expand_Button3()'><b>Project_Image_Expand_Button3</b><br>Test class: ProjectModule.ProjectPageFunctionalityTest</td>
<td></td>
<td>5</td>
<td>ProjectModule.ProjectPageFunctionalityTest@18bc345</td></tr>
<tr>
<td title='ProjectModule.ProjectPageFunctionalityTest.Project_Image_Previous_Button3()'><b>Project_Image_Previous_Button3</b><br>Test class: ProjectModule.ProjectPageFunctionalityTest</td>
<td></td>
<td>5</td>
<td>ProjectModule.ProjectPageFunctionalityTest@18bc345</td></tr>
<tr>
<td title='ProjectModule.ProjectPageFunctionalityTest.Project_Image_Expand_Button()'><b>Project_Image_Expand_Button</b><br>Test class: ProjectModule.ProjectPageFunctionalityTest</td>
<td></td>
<td>5</td>
<td>ProjectModule.ProjectPageFunctionalityTest@18bc345</td></tr>
<tr>
<td title='ProjectModule.ProjectPageFunctionalityTest.Next_Arrow_Button2()'><b>Next_Arrow_Button2</b><br>Test class: ProjectModule.ProjectPageFunctionalityTest</td>
<td></td>
<td>7</td>
<td>ProjectModule.ProjectPageFunctionalityTest@18bc345</td></tr>
<tr>
<td title='ProjectModule.ProjectPageFunctionalityTest.Project_Image_Eye_Button3()'><b>Project_Image_Eye_Button3</b><br>Test class: ProjectModule.ProjectPageFunctionalityTest</td>
<td></td>
<td>11</td>
<td>ProjectModule.ProjectPageFunctionalityTest@18bc345</td></tr>
<tr>
<td title='ProjectModule.ProjectPageFunctionalityTest.Project_Image_Previous_Arrow_Button()'><b>Project_Image_Previous_Arrow_Button</b><br>Test class: ProjectModule.ProjectPageFunctionalityTest</td>
<td></td>
<td>5</td>
<td>ProjectModule.ProjectPageFunctionalityTest@18bc345</td></tr>
<tr>
<td title='ProjectModule.ProjectPageFunctionalityTest.Project_Image_Previous_Button2()'><b>Project_Image_Previous_Button2</b><br>Test class: ProjectModule.ProjectPageFunctionalityTest</td>
<td></td>
<td>5</td>
<td>ProjectModule.ProjectPageFunctionalityTest@18bc345</td></tr>
<tr>
<td title='ProjectModule.ProjectPageFunctionalityTest.Project_Image_Next_Button()'><b>Project_Image_Next_Button</b><br>Test class: ProjectModule.ProjectPageFunctionalityTest</td>
<td></td>
<td>5</td>
<td>ProjectModule.ProjectPageFunctionalityTest@18bc345</td></tr>
<tr>
<td title='ProjectModule.ProjectPageFunctionalityTest.ContactUs_Option3()'><b>ContactUs_Option3</b><br>Test class: ProjectModule.ProjectPageFunctionalityTest</td>
<td></td>
<td>25</td>
<td>ProjectModule.ProjectPageFunctionalityTest@18bc345</td></tr>
<tr>
<td title='ProjectModule.ProjectPageFunctionalityTest.Project_Image_Eye_Button2()'><b>Project_Image_Eye_Button2</b><br>Test class: ProjectModule.ProjectPageFunctionalityTest</td>
<td></td>
<td>11</td>
<td>ProjectModule.ProjectPageFunctionalityTest@18bc345</td></tr>
<tr>
<td title='ProjectModule.ProjectPageFunctionalityTest.Project_Image_Next_Button2()'><b>Project_Image_Next_Button2</b><br>Test class: ProjectModule.ProjectPageFunctionalityTest</td>
<td></td>
<td>5</td>
<td>ProjectModule.ProjectPageFunctionalityTest@18bc345</td></tr>
<tr>
<td title='ProjectModule.ProjectPageFunctionalityTest.Project_Image_Next_Button3()'><b>Project_Image_Next_Button3</b><br>Test class: ProjectModule.ProjectPageFunctionalityTest</td>
<td></td>
<td>5</td>
<td>ProjectModule.ProjectPageFunctionalityTest@18bc345</td></tr>
<tr>
<td title='ProjectModule.ProjectPageFunctionalityTest.Next_Arrow_Button()'><b>Next_Arrow_Button</b><br>Test class: ProjectModule.ProjectPageFunctionalityTest</td>
<td></td>
<td>7</td>
<td>ProjectModule.ProjectPageFunctionalityTest@18bc345</td></tr>
<tr>
<td title='ProjectModule.ProjectPageFunctionalityTest.Project_Image_Close_Button()'><b>Project_Image_Close_Button</b><br>Test class: ProjectModule.ProjectPageFunctionalityTest</td>
<td></td>
<td>5</td>
<td>ProjectModule.ProjectPageFunctionalityTest@18bc345</td></tr>
<tr>
<td title='ProjectModule.ProjectPageFunctionalityTest.Back_Arrow_Button()'><b>Back_Arrow_Button</b><br>Test class: ProjectModule.ProjectPageFunctionalityTest</td>
<td></td>
<td>7</td>
<td>ProjectModule.ProjectPageFunctionalityTest@18bc345</td></tr>
<tr>
<td title='ProjectModule.ProjectPageFunctionalityTest.Project_Image_Next_Arrow_Button2()'><b>Project_Image_Next_Arrow_Button2</b><br>Test class: ProjectModule.ProjectPageFunctionalityTest</td>
<td></td>
<td>5</td>
<td>ProjectModule.ProjectPageFunctionalityTest@18bc345</td></tr>
<tr>
<td title='ProjectModule.ProjectPageFunctionalityTest.Project_Image_Title()'><b>Project_Image_Title</b><br>Test class: ProjectModule.ProjectPageFunctionalityTest</td>
<td></td>
<td>9</td>
<td>ProjectModule.ProjectPageFunctionalityTest@18bc345</td></tr>
<tr>
<td title='ProjectModule.ProjectPageFunctionalityTest.Project_Image_Next_Arrow_Button()'><b>Project_Image_Next_Arrow_Button</b><br>Test class: ProjectModule.ProjectPageFunctionalityTest</td>
<td></td>
<td>5</td>
<td>ProjectModule.ProjectPageFunctionalityTest@18bc345</td></tr>
<tr>
<td title='ProjectModule.ProjectPageFunctionalityTest.Project_Image_Close_Button3()'><b>Project_Image_Close_Button3</b><br>Test class: ProjectModule.ProjectPageFunctionalityTest</td>
<td></td>
<td>5</td>
<td>ProjectModule.ProjectPageFunctionalityTest@18bc345</td></tr>
<tr>
<td title='ProjectModule.ProjectPageFunctionalityTest.Portfolio_Button2()'><b>Portfolio_Button2</b><br>Test class: ProjectModule.ProjectPageFunctionalityTest</td>
<td></td>
<td>7</td>
<td>ProjectModule.ProjectPageFunctionalityTest@18bc345</td></tr>
<tr>
<td title='ProjectModule.ProjectPageFunctionalityTest.Project_Image_Play_Button3()'><b>Project_Image_Play_Button3</b><br>Test class: ProjectModule.ProjectPageFunctionalityTest</td>
<td></td>
<td>10</td>
<td>ProjectModule.ProjectPageFunctionalityTest@18bc345</td></tr>
<tr>
<td title='ProjectModule.ProjectPageFunctionalityTest.Project_Image_Eye_Button()'><b>Project_Image_Eye_Button</b><br>Test class: ProjectModule.ProjectPageFunctionalityTest</td>
<td></td>
<td>14</td>
<td>ProjectModule.ProjectPageFunctionalityTest@18bc345</td></tr>
<tr>
<td title='ProjectModule.ProjectPageFunctionalityTest.Project_Image_Title2()'><b>Project_Image_Title2</b><br>Test class: ProjectModule.ProjectPageFunctionalityTest</td>
<td></td>
<td>8</td>
<td>ProjectModule.ProjectPageFunctionalityTest@18bc345</td></tr>
<tr>
<td title='ProjectModule.ProjectPageFunctionalityTest.Back_Arrow_Button2()'><b>Back_Arrow_Button2</b><br>Test class: ProjectModule.ProjectPageFunctionalityTest</td>
<td></td>
<td>7</td>
<td>ProjectModule.ProjectPageFunctionalityTest@18bc345</td></tr>
<tr>
<td title='ProjectModule.ProjectPageFunctionalityTest.Project_Image_Previous_Button()'><b>Project_Image_Previous_Button</b><br>Test class: ProjectModule.ProjectPageFunctionalityTest</td>
<td></td>
<td>5</td>
<td>ProjectModule.ProjectPageFunctionalityTest@18bc345</td></tr>
<tr>
<td title='ProjectModule.ProjectPageFunctionalityTest.project_Image_Shrink_Button()'><b>project_Image_Shrink_Button</b><br>Test class: ProjectModule.ProjectPageFunctionalityTest</td>
<td></td>
<td>0</td>
<td>ProjectModule.ProjectPageFunctionalityTest@18bc345</td></tr>
<tr>
<td title='ProjectModule.ProjectPageFunctionalityTest.Project_Image_Expand_Button2()'><b>Project_Image_Expand_Button2</b><br>Test class: ProjectModule.ProjectPageFunctionalityTest</td>
<td></td>
<td>5</td>
<td>ProjectModule.ProjectPageFunctionalityTest@18bc345</td></tr>
<tr>
<td title='ProjectModule.ProjectPageFunctionalityTest.Project_Image_Pause_Play_Button2()'><b>Project_Image_Pause_Play_Button2</b><br>Test class: ProjectModule.ProjectPageFunctionalityTest</td>
<td></td>
<td>5</td>
<td>ProjectModule.ProjectPageFunctionalityTest@18bc345</td></tr>
<tr>
<td title='ProjectModule.ProjectPageFunctionalityTest.Project_Image_Title3()'><b>Project_Image_Title3</b><br>Test class: ProjectModule.ProjectPageFunctionalityTest</td>
<td></td>
<td>7</td>
<td>ProjectModule.ProjectPageFunctionalityTest@18bc345</td></tr>
<tr>
<td title='ProjectModule.ProjectPageFunctionalityTest.ContactUs_Option()'><b>ContactUs_Option</b><br>Test class: ProjectModule.ProjectPageFunctionalityTest</td>
<td></td>
<td>16</td>
<td>ProjectModule.ProjectPageFunctionalityTest@18bc345</td></tr>
<tr>
<td title='ProjectModule.ProjectPageFunctionalityTest.Portfolio_Button()'><b>Portfolio_Button</b><br>Test class: ProjectModule.ProjectPageFunctionalityTest</td>
<td></td>
<td>7</td>
<td>ProjectModule.ProjectPageFunctionalityTest@18bc345</td></tr>
<tr>
<td title='ProjectModule.ProjectPageFunctionalityTest.Home_Icon_Functionality()'><b>Home_Icon_Functionality</b><br>Test class: ProjectModule.ProjectPageFunctionalityTest</td>
<td></td>
<td>7</td>
<td>ProjectModule.ProjectPageFunctionalityTest@18bc345</td></tr>
<tr>
<td title='ProjectModule.ProjectPageFunctionalityTest.Project_Section()'><b>Project_Section</b><br>Test class: ProjectModule.ProjectPageFunctionalityTest</td>
<td></td>
<td>4</td>
<td>ProjectModule.ProjectPageFunctionalityTest@18bc345</td></tr>
<tr>
<td title='ProjectModule.ProjectPageFunctionalityTest.Project_Image_Play_Button()'><b>Project_Image_Play_Button</b><br>Test class: ProjectModule.ProjectPageFunctionalityTest</td>
<td></td>
<td>10</td>
<td>ProjectModule.ProjectPageFunctionalityTest@18bc345</td></tr>
<tr>
<td title='ProjectModule.ProjectPageFunctionalityTest.Project_Image_Play_Button2()'><b>Project_Image_Play_Button2</b><br>Test class: ProjectModule.ProjectPageFunctionalityTest</td>
<td></td>
<td>10</td>
<td>ProjectModule.ProjectPageFunctionalityTest@18bc345</td></tr>
<tr>
<td title='ProjectModule.ProjectPageFunctionalityTest.project_Image_FullScreen_Expand_Button()'><b>project_Image_FullScreen_Expand_Button</b><br>Test class: ProjectModule.ProjectPageFunctionalityTest</td>
<td></td>
<td>5</td>
<td>ProjectModule.ProjectPageFunctionalityTest@18bc345</td></tr>
<tr>
<td title='ProjectModule.ProjectPageFunctionalityTest.Project_Image_Close_Button2()'><b>Project_Image_Close_Button2</b><br>Test class: ProjectModule.ProjectPageFunctionalityTest</td>
<td></td>
<td>5</td>
<td>ProjectModule.ProjectPageFunctionalityTest@18bc345</td></tr>
<tr>
<td title='ProjectModule.ProjectPageFunctionalityTest.ContactUs_Option2()'><b>ContactUs_Option2</b><br>Test class: ProjectModule.ProjectPageFunctionalityTest</td>
<td></td>
<td>7</td>
<td>ProjectModule.ProjectPageFunctionalityTest@18bc345</td></tr>
<tr>
<td title='ProjectModule.ProjectPageFunctionalityTest.Project_Image_Previous_Arrow_Button2()'><b>Project_Image_Previous_Arrow_Button2</b><br>Test class: ProjectModule.ProjectPageFunctionalityTest</td>
<td></td>
<td>5</td>
<td>ProjectModule.ProjectPageFunctionalityTest@18bc345</td></tr>
<tr>
<td title='ProjectModule.ProjectPageFunctionalityTest.Portfolio_Button3()'><b>Portfolio_Button3</b><br>Test class: ProjectModule.ProjectPageFunctionalityTest</td>
<td></td>
<td>41</td>
<td>ProjectModule.ProjectPageFunctionalityTest@18bc345</td></tr>
<tr>
<td title='ProjectModule.ProjectPageFunctionalityTest.Project_Image_Pause_Play_Button()'><b>Project_Image_Pause_Play_Button</b><br>Test class: ProjectModule.ProjectPageFunctionalityTest</td>
<td></td>
<td>5</td>
<td>ProjectModule.ProjectPageFunctionalityTest@18bc345</td></tr>
</table><p>
</body>
</html>