<?xml version="1.0" encoding="UTF-8"?>
<testng-results ignored="0" total="43" passed="41" failed="2" skipped="0">
  <reporter-output>
  </reporter-output>
  <suite started-at="2024-05-05T10:02:15 IST" name="Default suite" finished-at="2024-05-05T10:08:27 IST" duration-ms="371421">
    <groups>
    </groups>
    <test started-at="2024-05-05T10:02:15 IST" name="Default test" finished-at="2024-05-05T10:08:27 IST" duration-ms="371421">
      <class name="ProjectModule.ProjectPageFunctionalityTest">
        <test-method is-config="true" signature="Open_Website()[pri:0, instance:ProjectModule.ProjectPageFunctionalityTest@18bc345]" started-at="2024-05-05T10:02:16 IST" name="Open_Website" finished-at="2024-05-05T10:02:37 IST" duration-ms="21902" status="PASS">
          <reporter-output>
          </reporter-output>
        </test-method> <!-- Open_Website -->
        <test-method signature="Project_Section()[pri:1, instance:ProjectModule.ProjectPageFunctionalityTest@18bc345]" started-at="2024-05-05T10:02:37 IST" name="Project_Section" finished-at="2024-05-05T10:02:42 IST" duration-ms="4191" status="PASS">
          <reporter-output>
          </reporter-output>
        </test-method> <!-- Project_Section -->
        <test-method signature="Home_Icon_Functionality()[pri:2, instance:ProjectModule.ProjectPageFunctionalityTest@18bc345]" started-at="2024-05-05T10:02:42 IST" name="Home_Icon_Functionality" finished-at="2024-05-05T10:02:49 IST" duration-ms="7236" status="PASS">
          <reporter-output>
          </reporter-output>
        </test-method> <!-- Home_Icon_Functionality -->
        <test-method signature="Project_Image_Title()[pri:3, instance:ProjectModule.ProjectPageFunctionalityTest@18bc345]" started-at="2024-05-05T10:02:49 IST" name="Project_Image_Title" finished-at="2024-05-05T10:02:59 IST" duration-ms="9670" status="PASS">
          <reporter-output>
          </reporter-output>
        </test-method> <!-- Project_Image_Title -->
        <test-method signature="Portfolio_Button()[pri:4, instance:ProjectModule.ProjectPageFunctionalityTest@18bc345]" started-at="2024-05-05T10:02:59 IST" name="Portfolio_Button" finished-at="2024-05-05T10:03:06 IST" duration-ms="7197" status="PASS">
          <reporter-output>
          </reporter-output>
        </test-method> <!-- Portfolio_Button -->
        <test-method signature="ContactUs_Option()[pri:5, instance:ProjectModule.ProjectPageFunctionalityTest@18bc345]" started-at="2024-05-05T10:03:06 IST" name="ContactUs_Option" finished-at="2024-05-05T10:03:22 IST" duration-ms="16594" status="PASS">
          <reporter-output>
          </reporter-output>
        </test-method> <!-- ContactUs_Option -->
        <test-method signature="Back_Arrow_Button()[pri:6, instance:ProjectModule.ProjectPageFunctionalityTest@18bc345]" started-at="2024-05-05T10:03:22 IST" name="Back_Arrow_Button" finished-at="2024-05-05T10:03:30 IST" duration-ms="7236" status="PASS">
          <reporter-output>
          </reporter-output>
        </test-method> <!-- Back_Arrow_Button -->
        <test-method signature="Project_Image_Eye_Button()[pri:7, instance:ProjectModule.ProjectPageFunctionalityTest@18bc345]" started-at="2024-05-05T10:03:30 IST" name="Project_Image_Eye_Button" finished-at="2024-05-05T10:03:44 IST" duration-ms="14247" status="PASS">
          <reporter-output>
          </reporter-output>
        </test-method> <!-- Project_Image_Eye_Button -->
        <test-method signature="Project_Image_Expand_Button()[pri:8, instance:ProjectModule.ProjectPageFunctionalityTest@18bc345]" started-at="2024-05-05T10:03:44 IST" name="Project_Image_Expand_Button" finished-at="2024-05-05T10:03:49 IST" duration-ms="5342" status="PASS">
          <reporter-output>
          </reporter-output>
        </test-method> <!-- Project_Image_Expand_Button -->
        <test-method signature="project_Image_FullScreen_Expand_Button()[pri:9, instance:ProjectModule.ProjectPageFunctionalityTest@18bc345]" started-at="2024-05-05T10:03:49 IST" name="project_Image_FullScreen_Expand_Button" finished-at="2024-05-05T10:03:54 IST" duration-ms="5108" status="PASS">
          <reporter-output>
          </reporter-output>
        </test-method> <!-- project_Image_FullScreen_Expand_Button -->
        <test-method signature="project_Image_Shrink_Button()[pri:10, instance:ProjectModule.ProjectPageFunctionalityTest@18bc345]" started-at="2024-05-05T10:03:54 IST" name="project_Image_Shrink_Button" finished-at="2024-05-05T10:03:55 IST" duration-ms="153" status="PASS">
          <reporter-output>
          </reporter-output>
        </test-method> <!-- project_Image_Shrink_Button -->
        <test-method signature="Project_Image_Next_Button()[pri:11, instance:ProjectModule.ProjectPageFunctionalityTest@18bc345]" started-at="2024-05-05T10:03:55 IST" name="Project_Image_Next_Button" finished-at="2024-05-05T10:04:00 IST" duration-ms="5289" status="PASS">
          <reporter-output>
          </reporter-output>
        </test-method> <!-- Project_Image_Next_Button -->
        <test-method signature="Project_Image_Previous_Button()[pri:12, instance:ProjectModule.ProjectPageFunctionalityTest@18bc345]" started-at="2024-05-05T10:04:00 IST" name="Project_Image_Previous_Button" finished-at="2024-05-05T10:04:05 IST" duration-ms="5268" status="PASS">
          <reporter-output>
          </reporter-output>
        </test-method> <!-- Project_Image_Previous_Button -->
        <test-method signature="Project_Image_Play_Button()[pri:13, instance:ProjectModule.ProjectPageFunctionalityTest@18bc345]" started-at="2024-05-05T10:04:05 IST" name="Project_Image_Play_Button" finished-at="2024-05-05T10:04:15 IST" duration-ms="10126" status="PASS">
          <reporter-output>
          </reporter-output>
        </test-method> <!-- Project_Image_Play_Button -->
        <test-method signature="Project_Image_Pause_Play_Button()[pri:14, instance:ProjectModule.ProjectPageFunctionalityTest@18bc345]" started-at="2024-05-05T10:04:15 IST" name="Project_Image_Pause_Play_Button" finished-at="2024-05-05T10:04:20 IST" duration-ms="5108" status="PASS">
          <reporter-output>
          </reporter-output>
        </test-method> <!-- Project_Image_Pause_Play_Button -->
        <test-method signature="Project_Image_Next_Arrow_Button()[pri:15, instance:ProjectModule.ProjectPageFunctionalityTest@18bc345]" started-at="2024-05-05T10:04:20 IST" name="Project_Image_Next_Arrow_Button" finished-at="2024-05-05T10:04:25 IST" duration-ms="5099" status="PASS">
          <reporter-output>
          </reporter-output>
        </test-method> <!-- Project_Image_Next_Arrow_Button -->
        <test-method signature="Project_Image_Previous_Arrow_Button()[pri:16, instance:ProjectModule.ProjectPageFunctionalityTest@18bc345]" started-at="2024-05-05T10:04:25 IST" name="Project_Image_Previous_Arrow_Button" finished-at="2024-05-05T10:04:31 IST" duration-ms="5129" status="PASS">
          <reporter-output>
          </reporter-output>
        </test-method> <!-- Project_Image_Previous_Arrow_Button -->
        <test-method signature="Project_Image_Close_Button()[pri:17, instance:ProjectModule.ProjectPageFunctionalityTest@18bc345]" started-at="2024-05-05T10:04:31 IST" name="Project_Image_Close_Button" finished-at="2024-05-05T10:04:36 IST" duration-ms="5099" status="PASS">
          <reporter-output>
          </reporter-output>
        </test-method> <!-- Project_Image_Close_Button -->
        <test-method signature="Project_Image_Title2()[pri:18, instance:ProjectModule.ProjectPageFunctionalityTest@18bc345]" started-at="2024-05-05T10:04:36 IST" name="Project_Image_Title2" finished-at="2024-05-05T10:04:44 IST" duration-ms="8156" status="PASS">
          <reporter-output>
          </reporter-output>
        </test-method> <!-- Project_Image_Title2 -->
        <test-method signature="Portfolio_Button2()[pri:19, instance:ProjectModule.ProjectPageFunctionalityTest@18bc345]" started-at="2024-05-05T10:04:44 IST" name="Portfolio_Button2" finished-at="2024-05-05T10:04:51 IST" duration-ms="7590" status="PASS">
          <reporter-output>
          </reporter-output>
        </test-method> <!-- Portfolio_Button2 -->
        <test-method signature="ContactUs_Option2()[pri:20, instance:ProjectModule.ProjectPageFunctionalityTest@18bc345]" started-at="2024-05-05T10:04:51 IST" name="ContactUs_Option2" finished-at="2024-05-05T10:04:58 IST" duration-ms="7000" status="PASS">
          <reporter-output>
          </reporter-output>
        </test-method> <!-- ContactUs_Option2 -->
        <test-method signature="Next_Arrow_Button()[pri:21, instance:ProjectModule.ProjectPageFunctionalityTest@18bc345]" started-at="2024-05-05T10:04:58 IST" name="Next_Arrow_Button" finished-at="2024-05-05T10:05:06 IST" duration-ms="7301" status="PASS">
          <reporter-output>
          </reporter-output>
        </test-method> <!-- Next_Arrow_Button -->
        <test-method signature="Back_Arrow_Button2()[pri:22, instance:ProjectModule.ProjectPageFunctionalityTest@18bc345]" started-at="2024-05-05T10:05:06 IST" name="Back_Arrow_Button2" finished-at="2024-05-05T10:05:13 IST" duration-ms="7623" status="PASS">
          <reporter-output>
          </reporter-output>
        </test-method> <!-- Back_Arrow_Button2 -->
        <test-method signature="Project_Image_Eye_Button2()[pri:23, instance:ProjectModule.ProjectPageFunctionalityTest@18bc345]" started-at="2024-05-05T10:05:13 IST" name="Project_Image_Eye_Button2" finished-at="2024-05-05T10:05:25 IST" duration-ms="11352" status="PASS">
          <reporter-output>
          </reporter-output>
        </test-method> <!-- Project_Image_Eye_Button2 -->
        <test-method signature="Project_Image_Expand_Button2()[pri:24, instance:ProjectModule.ProjectPageFunctionalityTest@18bc345]" started-at="2024-05-05T10:05:25 IST" name="Project_Image_Expand_Button2" finished-at="2024-05-05T10:05:30 IST" duration-ms="5291" status="PASS">
          <reporter-output>
          </reporter-output>
        </test-method> <!-- Project_Image_Expand_Button2 -->
        <test-method signature="project_Image_FullScreen_Expand_Button2()[pri:25, instance:ProjectModule.ProjectPageFunctionalityTest@18bc345]" started-at="2024-05-05T10:05:30 IST" name="project_Image_FullScreen_Expand_Button2" finished-at="2024-05-05T10:05:35 IST" duration-ms="5114" status="FAIL">
          <exception class="org.openqa.selenium.ElementNotInteractableException">
            <message>
              <![CDATA[element not interactable
  (Session info: chrome=124.0.6367.119)
Build info: version: '4.20.0', revision: '866c76ca80'
System info: os.name: 'Windows 11', os.arch: 'amd64', os.version: '10.0', java.version: '21.0.2'
Driver info: org.openqa.selenium.chrome.ChromeDriver
Command: [cd254caa95975c7e0eb7c3dd7f284231, clickElement {id=f.9BDA802507807CFFAF9D089180E7251E.d.52E339E195C78202CD16DE56E3AE728B.e.202}]
Capabilities {acceptInsecureCerts: false, browserName: chrome, browserVersion: 124.0.6367.119, chrome: {chromedriverVersion: 124.0.6367.91 (51df0e5e17a8..., userDataDir: C:\Users\USER\AppData\Local...}, fedcm:accounts: true, goog:chromeOptions: {debuggerAddress: localhost:64961}, networkConnectionEnabled: false, pageLoadStrategy: normal, platformName: windows, proxy: Proxy(), se:cdp: ws://localhost:64961/devtoo..., se:cdpVersion: 124.0.6367.119, setWindowRect: true, strictFileInteractability: false, timeouts: {implicit: 0, pageLoad: 300000, script: 30000}, unhandledPromptBehavior: dismiss and notify, webauthn:extension:credBlob: true, webauthn:extension:largeBlob: true, webauthn:extension:minPinLength: true, webauthn:extension:prf: true, webauthn:virtualAuthenticators: true}
Element: [[ChromeDriver: chrome on windows (cd254caa95975c7e0eb7c3dd7f284231)] -> xpath: //a[@title='Expand the image']]
Session ID: cd254caa95975c7e0eb7c3dd7f284231]]>
            </message>
            <full-stacktrace>
              <![CDATA[org.openqa.selenium.ElementNotInteractableException: element not interactable
  (Session info: chrome=124.0.6367.119)
Build info: version: '4.20.0', revision: '866c76ca80'
System info: os.name: 'Windows 11', os.arch: 'amd64', os.version: '10.0', java.version: '21.0.2'
Driver info: org.openqa.selenium.chrome.ChromeDriver
Command: [cd254caa95975c7e0eb7c3dd7f284231, clickElement {id=f.9BDA802507807CFFAF9D089180E7251E.d.52E339E195C78202CD16DE56E3AE728B.e.202}]
Capabilities {acceptInsecureCerts: false, browserName: chrome, browserVersion: 124.0.6367.119, chrome: {chromedriverVersion: 124.0.6367.91 (51df0e5e17a8..., userDataDir: C:\Users\USER\AppData\Local...}, fedcm:accounts: true, goog:chromeOptions: {debuggerAddress: localhost:64961}, networkConnectionEnabled: false, pageLoadStrategy: normal, platformName: windows, proxy: Proxy(), se:cdp: ws://localhost:64961/devtoo..., se:cdpVersion: 124.0.6367.119, setWindowRect: true, strictFileInteractability: false, timeouts: {implicit: 0, pageLoad: 300000, script: 30000}, unhandledPromptBehavior: dismiss and notify, webauthn:extension:credBlob: true, webauthn:extension:largeBlob: true, webauthn:extension:minPinLength: true, webauthn:extension:prf: true, webauthn:virtualAuthenticators: true}
Element: [[ChromeDriver: chrome on windows (cd254caa95975c7e0eb7c3dd7f284231)] -> xpath: //a[@title='Expand the image']]
Session ID: cd254caa95975c7e0eb7c3dd7f284231
at java.base/jdk.internal.reflect.DirectConstructorHandleAccessor.newInstance(DirectConstructorHandleAccessor.java:62)
at java.base/java.lang.reflect.Constructor.newInstanceWithCaller(Constructor.java:502)
at java.base/java.lang.reflect.Constructor.newInstance(Constructor.java:486)
at org.openqa.selenium.remote.ErrorCodec.decode(ErrorCodec.java:167)
at org.openqa.selenium.remote.codec.w3c.W3CHttpResponseCodec.decode(W3CHttpResponseCodec.java:138)
at org.openqa.selenium.remote.codec.w3c.W3CHttpResponseCodec.decode(W3CHttpResponseCodec.java:50)
at org.openqa.selenium.remote.HttpCommandExecutor.execute(HttpCommandExecutor.java:190)
at org.openqa.selenium.remote.service.DriverCommandExecutor.invokeExecute(DriverCommandExecutor.java:216)
at org.openqa.selenium.remote.service.DriverCommandExecutor.execute(DriverCommandExecutor.java:174)
at org.openqa.selenium.remote.RemoteWebDriver.execute(RemoteWebDriver.java:518)
at org.openqa.selenium.remote.RemoteWebElement.execute(RemoteWebElement.java:223)
at org.openqa.selenium.remote.RemoteWebElement.click(RemoteWebElement.java:76)
at ProjectModule.ProjectPageFunctionalityTest.project_Image_FullScreen_Expand_Button2(ProjectPageFunctionalityTest.java:270)
at java.base/jdk.internal.reflect.DirectMethodHandleAccessor.invoke(DirectMethodHandleAccessor.java:103)
at java.base/java.lang.reflect.Method.invoke(Method.java:580)
at org.testng.internal.MethodInvocationHelper.invokeMethod(MethodInvocationHelper.java:133)
at org.testng.internal.TestInvoker.invokeMethod(TestInvoker.java:598)
at org.testng.internal.TestInvoker.invokeTestMethod(TestInvoker.java:173)
at org.testng.internal.MethodRunner.runInSequence(MethodRunner.java:46)
at org.testng.internal.TestInvoker$MethodInvocationAgent.invoke(TestInvoker.java:824)
at org.testng.internal.TestInvoker.invokeTestMethods(TestInvoker.java:146)
at org.testng.internal.TestMethodWorker.invokeTestMethods(TestMethodWorker.java:146)
at org.testng.internal.TestMethodWorker.run(TestMethodWorker.java:128)
at java.base/java.util.ArrayList.forEach(ArrayList.java:1596)
at org.testng.TestRunner.privateRun(TestRunner.java:794)
at org.testng.TestRunner.run(TestRunner.java:596)
at org.testng.SuiteRunner.runTest(SuiteRunner.java:377)
at org.testng.SuiteRunner.runSequentially(SuiteRunner.java:371)
at org.testng.SuiteRunner.privateRun(SuiteRunner.java:332)
at org.testng.SuiteRunner.run(SuiteRunner.java:276)
at org.testng.SuiteRunnerWorker.runSuite(SuiteRunnerWorker.java:53)
at org.testng.SuiteRunnerWorker.run(SuiteRunnerWorker.java:96)
at org.testng.TestNG.runSuitesSequentially(TestNG.java:1212)
at org.testng.TestNG.runSuitesLocally(TestNG.java:1134)
at org.testng.TestNG.runSuites(TestNG.java:1063)
at org.testng.TestNG.run(TestNG.java:1031)
at org.testng.remote.AbstractRemoteTestNG.run(AbstractRemoteTestNG.java:115)
at org.testng.remote.RemoteTestNG.initAndRun(RemoteTestNG.java:293)
at org.testng.remote.RemoteTestNG.main(RemoteTestNG.java:91)
]]>
            </full-stacktrace>
          </exception> <!-- org.openqa.selenium.ElementNotInteractableException -->
          <reporter-output>
          </reporter-output>
        </test-method> <!-- project_Image_FullScreen_Expand_Button2 -->
        <test-method signature="project_Image_Shrink_Button2()[pri:26, instance:ProjectModule.ProjectPageFunctionalityTest@18bc345]" started-at="2024-05-05T10:05:35 IST" name="project_Image_Shrink_Button2" finished-at="2024-05-05T10:05:35 IST" duration-ms="45" status="FAIL">
          <exception class="org.openqa.selenium.ElementNotInteractableException">
            <message>
              <![CDATA[element not interactable
  (Session info: chrome=124.0.6367.119)
Build info: version: '4.20.0', revision: '866c76ca80'
System info: os.name: 'Windows 11', os.arch: 'amd64', os.version: '10.0', java.version: '21.0.2'
Driver info: org.openqa.selenium.chrome.ChromeDriver
Command: [cd254caa95975c7e0eb7c3dd7f284231, clickElement {id=f.9BDA802507807CFFAF9D089180E7251E.d.52E339E195C78202CD16DE56E3AE728B.e.202}]
Capabilities {acceptInsecureCerts: false, browserName: chrome, browserVersion: 124.0.6367.119, chrome: {chromedriverVersion: 124.0.6367.91 (51df0e5e17a8..., userDataDir: C:\Users\USER\AppData\Local...}, fedcm:accounts: true, goog:chromeOptions: {debuggerAddress: localhost:64961}, networkConnectionEnabled: false, pageLoadStrategy: normal, platformName: windows, proxy: Proxy(), se:cdp: ws://localhost:64961/devtoo..., se:cdpVersion: 124.0.6367.119, setWindowRect: true, strictFileInteractability: false, timeouts: {implicit: 0, pageLoad: 300000, script: 30000}, unhandledPromptBehavior: dismiss and notify, webauthn:extension:credBlob: true, webauthn:extension:largeBlob: true, webauthn:extension:minPinLength: true, webauthn:extension:prf: true, webauthn:virtualAuthenticators: true}
Element: [[ChromeDriver: chrome on windows (cd254caa95975c7e0eb7c3dd7f284231)] -> xpath: //a[@title='Expand the image']]
Session ID: cd254caa95975c7e0eb7c3dd7f284231]]>
            </message>
            <full-stacktrace>
              <![CDATA[org.openqa.selenium.ElementNotInteractableException: element not interactable
  (Session info: chrome=124.0.6367.119)
Build info: version: '4.20.0', revision: '866c76ca80'
System info: os.name: 'Windows 11', os.arch: 'amd64', os.version: '10.0', java.version: '21.0.2'
Driver info: org.openqa.selenium.chrome.ChromeDriver
Command: [cd254caa95975c7e0eb7c3dd7f284231, clickElement {id=f.9BDA802507807CFFAF9D089180E7251E.d.52E339E195C78202CD16DE56E3AE728B.e.202}]
Capabilities {acceptInsecureCerts: false, browserName: chrome, browserVersion: 124.0.6367.119, chrome: {chromedriverVersion: 124.0.6367.91 (51df0e5e17a8..., userDataDir: C:\Users\USER\AppData\Local...}, fedcm:accounts: true, goog:chromeOptions: {debuggerAddress: localhost:64961}, networkConnectionEnabled: false, pageLoadStrategy: normal, platformName: windows, proxy: Proxy(), se:cdp: ws://localhost:64961/devtoo..., se:cdpVersion: 124.0.6367.119, setWindowRect: true, strictFileInteractability: false, timeouts: {implicit: 0, pageLoad: 300000, script: 30000}, unhandledPromptBehavior: dismiss and notify, webauthn:extension:credBlob: true, webauthn:extension:largeBlob: true, webauthn:extension:minPinLength: true, webauthn:extension:prf: true, webauthn:virtualAuthenticators: true}
Element: [[ChromeDriver: chrome on windows (cd254caa95975c7e0eb7c3dd7f284231)] -> xpath: //a[@title='Expand the image']]
Session ID: cd254caa95975c7e0eb7c3dd7f284231
at java.base/jdk.internal.reflect.DirectConstructorHandleAccessor.newInstance(DirectConstructorHandleAccessor.java:62)
at java.base/java.lang.reflect.Constructor.newInstanceWithCaller(Constructor.java:502)
at java.base/java.lang.reflect.Constructor.newInstance(Constructor.java:486)
at org.openqa.selenium.remote.ErrorCodec.decode(ErrorCodec.java:167)
at org.openqa.selenium.remote.codec.w3c.W3CHttpResponseCodec.decode(W3CHttpResponseCodec.java:138)
at org.openqa.selenium.remote.codec.w3c.W3CHttpResponseCodec.decode(W3CHttpResponseCodec.java:50)
at org.openqa.selenium.remote.HttpCommandExecutor.execute(HttpCommandExecutor.java:190)
at org.openqa.selenium.remote.service.DriverCommandExecutor.invokeExecute(DriverCommandExecutor.java:216)
at org.openqa.selenium.remote.service.DriverCommandExecutor.execute(DriverCommandExecutor.java:174)
at org.openqa.selenium.remote.RemoteWebDriver.execute(RemoteWebDriver.java:518)
at org.openqa.selenium.remote.RemoteWebElement.execute(RemoteWebElement.java:223)
at org.openqa.selenium.remote.RemoteWebElement.click(RemoteWebElement.java:76)
at ProjectModule.ProjectPageFunctionalityTest.project_Image_Shrink_Button2(ProjectPageFunctionalityTest.java:276)
at java.base/jdk.internal.reflect.DirectMethodHandleAccessor.invoke(DirectMethodHandleAccessor.java:103)
at java.base/java.lang.reflect.Method.invoke(Method.java:580)
at org.testng.internal.MethodInvocationHelper.invokeMethod(MethodInvocationHelper.java:133)
at org.testng.internal.TestInvoker.invokeMethod(TestInvoker.java:598)
at org.testng.internal.TestInvoker.invokeTestMethod(TestInvoker.java:173)
at org.testng.internal.MethodRunner.runInSequence(MethodRunner.java:46)
at org.testng.internal.TestInvoker$MethodInvocationAgent.invoke(TestInvoker.java:824)
at org.testng.internal.TestInvoker.invokeTestMethods(TestInvoker.java:146)
at org.testng.internal.TestMethodWorker.invokeTestMethods(TestMethodWorker.java:146)
at org.testng.internal.TestMethodWorker.run(TestMethodWorker.java:128)
at java.base/java.util.ArrayList.forEach(ArrayList.java:1596)
at org.testng.TestRunner.privateRun(TestRunner.java:794)
at org.testng.TestRunner.run(TestRunner.java:596)
at org.testng.SuiteRunner.runTest(SuiteRunner.java:377)
at org.testng.SuiteRunner.runSequentially(SuiteRunner.java:371)
at org.testng.SuiteRunner.privateRun(SuiteRunner.java:332)
at org.testng.SuiteRunner.run(SuiteRunner.java:276)
at org.testng.SuiteRunnerWorker.runSuite(SuiteRunnerWorker.java:53)
at org.testng.SuiteRunnerWorker.run(SuiteRunnerWorker.java:96)
at org.testng.TestNG.runSuitesSequentially(TestNG.java:1212)
at org.testng.TestNG.runSuitesLocally(TestNG.java:1134)
at org.testng.TestNG.runSuites(TestNG.java:1063)
at org.testng.TestNG.run(TestNG.java:1031)
at org.testng.remote.AbstractRemoteTestNG.run(AbstractRemoteTestNG.java:115)
at org.testng.remote.RemoteTestNG.initAndRun(RemoteTestNG.java:293)
at org.testng.remote.RemoteTestNG.main(RemoteTestNG.java:91)
]]>
            </full-stacktrace>
          </exception> <!-- org.openqa.selenium.ElementNotInteractableException -->
          <reporter-output>
          </reporter-output>
        </test-method> <!-- project_Image_Shrink_Button2 -->
        <test-method signature="Project_Image_Next_Button2()[pri:27, instance:ProjectModule.ProjectPageFunctionalityTest@18bc345]" started-at="2024-05-05T10:05:35 IST" name="Project_Image_Next_Button2" finished-at="2024-05-05T10:05:41 IST" duration-ms="5295" status="PASS">
          <reporter-output>
          </reporter-output>
        </test-method> <!-- Project_Image_Next_Button2 -->
        <test-method signature="Project_Image_Previous_Button2()[pri:28, instance:ProjectModule.ProjectPageFunctionalityTest@18bc345]" started-at="2024-05-05T10:05:41 IST" name="Project_Image_Previous_Button2" finished-at="2024-05-05T10:05:46 IST" duration-ms="5297" status="PASS">
          <reporter-output>
          </reporter-output>
        </test-method> <!-- Project_Image_Previous_Button2 -->
        <test-method signature="Project_Image_Play_Button2()[pri:29, instance:ProjectModule.ProjectPageFunctionalityTest@18bc345]" started-at="2024-05-05T10:05:46 IST" name="Project_Image_Play_Button2" finished-at="2024-05-05T10:05:56 IST" duration-ms="10113" status="PASS">
          <reporter-output>
          </reporter-output>
        </test-method> <!-- Project_Image_Play_Button2 -->
        <test-method signature="Project_Image_Pause_Play_Button2()[pri:30, instance:ProjectModule.ProjectPageFunctionalityTest@18bc345]" started-at="2024-05-05T10:05:56 IST" name="Project_Image_Pause_Play_Button2" finished-at="2024-05-05T10:06:01 IST" duration-ms="5105" status="PASS">
          <reporter-output>
          </reporter-output>
        </test-method> <!-- Project_Image_Pause_Play_Button2 -->
        <test-method signature="Project_Image_Next_Arrow_Button2()[pri:31, instance:ProjectModule.ProjectPageFunctionalityTest@18bc345]" started-at="2024-05-05T10:06:01 IST" name="Project_Image_Next_Arrow_Button2" finished-at="2024-05-05T10:06:06 IST" duration-ms="5113" status="PASS">
          <reporter-output>
          </reporter-output>
        </test-method> <!-- Project_Image_Next_Arrow_Button2 -->
        <test-method signature="Project_Image_Previous_Arrow_Button2()[pri:32, instance:ProjectModule.ProjectPageFunctionalityTest@18bc345]" started-at="2024-05-05T10:06:06 IST" name="Project_Image_Previous_Arrow_Button2" finished-at="2024-05-05T10:06:11 IST" duration-ms="5082" status="PASS">
          <reporter-output>
          </reporter-output>
        </test-method> <!-- Project_Image_Previous_Arrow_Button2 -->
        <test-method signature="Project_Image_Close_Button2()[pri:33, instance:ProjectModule.ProjectPageFunctionalityTest@18bc345]" started-at="2024-05-05T10:06:11 IST" name="Project_Image_Close_Button2" finished-at="2024-05-05T10:06:16 IST" duration-ms="5082" status="PASS">
          <reporter-output>
          </reporter-output>
        </test-method> <!-- Project_Image_Close_Button2 -->
        <test-method signature="Project_Image_Title3()[pri:34, instance:ProjectModule.ProjectPageFunctionalityTest@18bc345]" started-at="2024-05-05T10:06:16 IST" name="Project_Image_Title3" finished-at="2024-05-05T10:06:24 IST" duration-ms="7691" status="PASS">
          <reporter-output>
          </reporter-output>
        </test-method> <!-- Project_Image_Title3 -->
        <test-method signature="Portfolio_Button3()[pri:35, instance:ProjectModule.ProjectPageFunctionalityTest@18bc345]" started-at="2024-05-05T10:06:24 IST" name="Portfolio_Button3" finished-at="2024-05-05T10:07:06 IST" duration-ms="41785" status="PASS">
          <reporter-output>
          </reporter-output>
        </test-method> <!-- Portfolio_Button3 -->
        <test-method signature="ContactUs_Option3()[pri:36, instance:ProjectModule.ProjectPageFunctionalityTest@18bc345]" started-at="2024-05-05T10:07:06 IST" name="ContactUs_Option3" finished-at="2024-05-05T10:07:32 IST" duration-ms="25688" status="PASS">
          <reporter-output>
          </reporter-output>
        </test-method> <!-- ContactUs_Option3 -->
        <test-method signature="Next_Arrow_Button2()[pri:37, instance:ProjectModule.ProjectPageFunctionalityTest@18bc345]" started-at="2024-05-05T10:07:32 IST" name="Next_Arrow_Button2" finished-at="2024-05-05T10:07:39 IST" duration-ms="7075" status="PASS">
          <reporter-output>
          </reporter-output>
        </test-method> <!-- Next_Arrow_Button2 -->
        <test-method signature="Project_Image_Eye_Button3()[pri:38, instance:ProjectModule.ProjectPageFunctionalityTest@18bc345]" started-at="2024-05-05T10:07:39 IST" name="Project_Image_Eye_Button3" finished-at="2024-05-05T10:07:50 IST" duration-ms="11324" status="PASS">
          <reporter-output>
          </reporter-output>
        </test-method> <!-- Project_Image_Eye_Button3 -->
        <test-method signature="Project_Image_Expand_Button3()[pri:39, instance:ProjectModule.ProjectPageFunctionalityTest@18bc345]" started-at="2024-05-05T10:07:50 IST" name="Project_Image_Expand_Button3" finished-at="2024-05-05T10:07:55 IST" duration-ms="5319" status="PASS">
          <reporter-output>
          </reporter-output>
        </test-method> <!-- Project_Image_Expand_Button3 -->
        <test-method signature="Project_Image_Next_Button3()[pri:40, instance:ProjectModule.ProjectPageFunctionalityTest@18bc345]" started-at="2024-05-05T10:07:55 IST" name="Project_Image_Next_Button3" finished-at="2024-05-05T10:08:01 IST" duration-ms="5265" status="PASS">
          <reporter-output>
          </reporter-output>
        </test-method> <!-- Project_Image_Next_Button3 -->
        <test-method signature="Project_Image_Previous_Button3()[pri:41, instance:ProjectModule.ProjectPageFunctionalityTest@18bc345]" started-at="2024-05-05T10:08:01 IST" name="Project_Image_Previous_Button3" finished-at="2024-05-05T10:08:06 IST" duration-ms="5258" status="PASS">
          <reporter-output>
          </reporter-output>
        </test-method> <!-- Project_Image_Previous_Button3 -->
        <test-method signature="Project_Image_Play_Button3()[pri:42, instance:ProjectModule.ProjectPageFunctionalityTest@18bc345]" started-at="2024-05-05T10:08:06 IST" name="Project_Image_Play_Button3" finished-at="2024-05-05T10:08:16 IST" duration-ms="10290" status="PASS">
          <reporter-output>
          </reporter-output>
        </test-method> <!-- Project_Image_Play_Button3 -->
        <test-method signature="Project_Image_Close_Button3()[pri:43, instance:ProjectModule.ProjectPageFunctionalityTest@18bc345]" started-at="2024-05-05T10:08:16 IST" name="Project_Image_Close_Button3" finished-at="2024-05-05T10:08:21 IST" duration-ms="5135" status="PASS">
          <reporter-output>
          </reporter-output>
        </test-method> <!-- Project_Image_Close_Button3 -->
        <test-method is-config="true" signature="tesrDown()[pri:0, instance:ProjectModule.ProjectPageFunctionalityTest@18bc345]" started-at="2024-05-05T10:08:21 IST" name="tesrDown" finished-at="2024-05-05T10:08:27 IST" duration-ms="5689" status="PASS">
          <reporter-output>
          </reporter-output>
        </test-method> <!-- tesrDown -->
      </class> <!-- ProjectModule.ProjectPageFunctionalityTest -->
    </test> <!-- Default test -->
  </suite> <!-- Default suite -->
</testng-results>
